QC OrdC 50000 946617 98301 7020
QC OrdC 100000 1993226 196605 14442
QC OrdC 150000 2963587 253392 20135
QC OrdC 200000 4186443 393213 29522
QC OrdC 250000 5036443 393213 32981
QC OrdC 300000 6227156 506784 41597
QC OrdC 350000 7527156 656784 51662
QC OrdC 400000 8772876 786429 61014
QC OrdC 450000 9672876 786429 64661
QC OrdC 500000 10572876 786429 68159
QC OrdD 50000 996628 173298 7297
QC OrdD 100000 2093238 346602 15098
QC OrdD 150000 3113608 478392 21183
QC OrdD 200000 4386456 693210 31029
QC OrdD 250000 5286456 768210 34687
QC OrdD 300000 6527178 956784 43666
QC OrdD 350000 7877178 1181784 53668
QC OrdD 400000 9172890 1386426 63588
QC OrdD 450000 10122890 1461426 67572
QC OrdD 500000 11072890 1536426 71379
QC Ale 50000 1656541 583464 16985
QC Ale 100000 3492861 1236377 35358
QC Ale 150000 5376539 1919138 54298
QC Ale 200000 7325112 2615998 73448
QC Ale 250000 9340576 3318822 93049
QC Ale 300000 11393967 4034079 113211
QC Ale 350000 13392513 4769349 132911
QC Ale 400000 15486455 5495113 152770
QC Ale 450000 17582134 6234486 173183
QC Ale 500000 19639393 6990954 193299
