QI1 OrdC 50000 450640 99615 2229
QI1 OrdC 100000 900640 199615 4431
QI1 OrdC 150000 1350640 299615 6583
QI1 OrdC 200000 1800640 399615 8820
QI1 OrdC 250000 2250640 499615 10971
QI1 OrdC 300000 2700640 599615 13147
QI1 OrdC 350000 3150640 699615 15339
QI1 OrdC 400000 3600640 799615 17583
QI1 OrdC 450000 4050640 899615 19815
QI1 OrdC 500000 4500640 999615 22239
QI1 OrdD 50000 500644 174614 2550
QI1 OrdD 100000 1000644 349614 5075
QI1 OrdD 150000 1500644 524614 7588
QI1 OrdD 200000 2000644 699614 10199
QI1 OrdD 250000 2500644 874614 12686
QI1 OrdD 300000 3000644 1049614 15176
QI1 OrdD 350000 3500644 1224614 17700
QI1 OrdD 400000 4000644 1399614 20268
QI1 OrdD 450000 4500644 1574614 22943
QI1 OrdD 500000 5000644 1749614 25263
QI1 Ale 50000 4974407 4600537 44744
QI1 Ale 100000 18481112 17749462 164086
QI1 Ale 150000 40393544 39292891 359264
QI1 Ale 200000 70897909 69449772 631271
QI1 Ale 250000 110765665 108952444 975336
QI1 Ale 300000 156508452 154311486 1440891
QI1 Ale 350000 212359458 209804586 2281774
QI1 Ale 400000 277197503 274277292 2928377
QI1 Ale 450000 352296023 349021581 3727656
QI1 Ale 500000 433445360 429870585 4629523
