QI5 OrdC 50000 350158 99903 2013
QI5 OrdC 100000 700158 199903 4041
QI5 OrdC 150000 1050158 299903 6140
QI5 OrdC 200000 1400158 399903 8169
QI5 OrdC 250000 1750158 499903 10399
QI5 OrdC 300000 2100158 599903 12760
QI5 OrdC 350000 2450158 699903 14885
QI5 OrdC 400000 2800158 799903 17425
QI5 OrdC 450000 3150158 899903 19196
QI5 OrdC 500000 3500158 999903 20962
QI5 OrdD 50000 400160 174902 2383
QI5 OrdD 100000 800160 349902 4791
QI5 OrdD 150000 1200160 524902 8876
QI5 OrdD 200000 1600160 699902 10557
QI5 OrdD 250000 2000160 874902 12816
QI5 OrdD 300000 2400160 1049902 15153
QI5 OrdD 350000 2800160 1224902 18240
QI5 OrdD 400000 3200160 1399902 19686
QI5 OrdD 450000 3600160 1574902 22540
QI5 OrdD 500000 4000160 1749902 26592
QI5 Ale 50000 21594474 21350676 223778
QI5 Ale 100000 85189969 84697075 891564
QI5 Ale 150000 191945252 191207549 2011284
