QM3 OrdC 50000 1044918 98301 7229
QM3 OrdC 100000 2189831 196605 14828
QM3 OrdC 150000 3216979 253392 20776
QM3 OrdC 200000 4579656 393213 30739
QM3 OrdC 250000 5429656 393213 34351
QM3 OrdC 300000 6733940 506784 42676
QM3 OrdC 350000 8183940 656784 53601
QM3 OrdC 400000 9559305 786429 62927
QM3 OrdC 450000 10459305 786429 66967
QM3 OrdC 500000 11359305 786429 70977
QM3 OrdD 50000 1094928 173298 7593
QM3 OrdD 100000 2289842 346602 15546
QM3 OrdD 150000 3367002 478392 21729
QM3 OrdD 200000 4779668 693210 31943
QM3 OrdD 250000 5679668 768210 36044
QM3 OrdD 300000 7033964 956784 44644
QM3 OrdD 350000 8533964 1181784 55813
QM3 OrdD 400000 9959318 1386426 65446
QM3 OrdD 450000 10909318 1461426 69590
QM3 OrdD 500000 11859318 1536426 74162
QM3 Ale 50000 1709442 600405 17489
QM3 Ale 100000 3569774 1273060 36246
QM3 Ale 150000 5487475 1975478 55545
QM3 Ale 200000 7477224 2689877 75197
QM3 Ale 250000 9519926 3414274 95465
QM3 Ale 300000 11587611 4146643 115026
QM3 Ale 350000 13590336 4905564 135753
QM3 Ale 400000 15680138 5656447 155632
QM3 Ale 450000 17678651 6423409 175369
QM3 Ale 500000 19973016 7162761 196950
