QC OrdC 50000 946617 32767 3491
QC OrdC 100000 1993226 65535 7032
QC OrdC 150000 2963587 84464 9391
QC OrdC 200000 4186443 131071 14186
QC OrdC 250000 5036443 131071 14811
QC OrdC 300000 6227156 168928 19116
QC OrdC 350000 7527156 218928 24128
QC OrdC 400000 8772876 262143 28877
QC OrdC 450000 9672876 262143 29426
QC OrdC 500000 10572876 262143 30189
QC OrdD 50000 996628 57766 3509
QC OrdD 100000 2093238 115534 7085
QC OrdD 150000 3113608 159464 9468
QC OrdD 200000 4386456 231070 14300
QC OrdD 250000 5286456 256070 15024
QC OrdD 300000 6527178 318928 19207
QC OrdD 350000 7877178 393928 24401
QC OrdD 400000 9172890 462142 29099
QC OrdD 450000 10122890 487142 29693
QC OrdD 500000 11072890 512142 30649
QC Ale 50000 1665175 194117 8451
QC Ale 100000 3482155 412457 17347
QC Ale 150000 5381804 640393 26469
QC Ale 200000 7334496 871051 35692
QC Ale 250000 9334671 1107269 45033
QC Ale 300000 11336777 1348630 54568
QC Ale 350000 13407747 1589230 64105
QC Ale 400000 15396277 1834456 73574
QC Ale 450000 17635106 2078808 83317
QC Ale 500000 19674877 2327956 92542
