QI1 OrdC 50000 450640 99361 393
QI1 OrdC 100000 900640 199361 720
QI1 OrdC 150000 1350640 299361 1081
QI1 OrdC 200000 1800640 399361 1451
QI1 OrdC 250000 2250640 499361 1830
QI1 OrdC 300000 2700640 599361 2258
QI1 OrdC 350000 3150640 699361 2686
QI1 OrdC 400000 3600640 799361 3079
QI1 OrdC 450000 4050640 899361 3492
QI1 OrdC 500000 4500640 999361 3846
QI1 OrdD 50000 500644 124362 398
QI1 OrdD 100000 1000644 249362 784
QI1 OrdD 150000 1500644 374362 1179
QI1 OrdD 200000 2000644 499362 1582
QI1 OrdD 250000 2500644 624362 1987
QI1 OrdD 300000 3000644 749362 2473
QI1 OrdD 350000 3500644 874362 2844
QI1 OrdD 400000 4000644 999362 3278
QI1 OrdD 450000 4500644 1124362 3711
QI1 OrdD 500000 5000644 1249362 4176
QI1 Ale 50000 9158445 4403131 7308
QI1 Ale 100000 35247807 17278915 24361
QI1 Ale 150000 79128066 39035810 51924
QI1 Ale 200000 140058991 69325730 89610
QI1 Ale 250000 214714535 106474826 134987
QI1 Ale 300000 308756773 153326996 193052
QI1 Ale 350000 422579554 210080697 258967
QI1 Ale 400000 553051768 275140039 337828
QI1 Ale 450000 694939829 345868874 421430
QI1 Ale 500000 864106608 430323529 523621
