QI10 OrdC 50000 300077 99921 282
QI10 OrdC 100000 600077 199921 502
QI10 OrdC 150000 900077 299921 757
QI10 OrdC 200000 1200077 399921 1030
QI10 OrdC 250000 1500077 499921 1299
QI10 OrdC 300000 1800077 599921 1625
QI10 OrdC 350000 2100077 699921 1905
QI10 OrdC 400000 2400077 799921 2201
QI10 OrdC 450000 2700077 899921 2460
QI10 OrdC 500000 3000077 999921 2768
QI10 OrdD 50000 350078 124922 284
QI10 OrdD 100000 700078 249922 567
QI10 OrdD 150000 1050078 374922 863
QI10 OrdD 200000 1400078 499922 1146
QI10 OrdD 250000 1750078 624922 1443
QI10 OrdD 300000 2100078 749922 1788
QI10 OrdD 350000 2450078 874922 2155
QI10 OrdD 400000 2800078 999922 2463
QI10 OrdD 450000 3150078 1124922 2778
QI10 OrdD 500000 3500078 1249922 3136
QI10 Ale 50000 85275344 42570596 53890
QI10 Ale 100000 343625349 171671078 205593
QI10 Ale 150000 760428959 379995313 446036
QI10 Ale 200000 1374683641 687043891 812980
QI10 Ale 250000 2161069384 1080174212 1252032
QI10 Ale 300000 3034065806 1516614685 1765926
QI10 Ale 350000 4149876922 2074432923 2432320
QI10 Ale 400000 5318674797 2658733072 3094257
QI10 Ale 450000 7005814425 3502311937 4063531
QI10 Ale 500000 8848974261 4423832280 5168446
