QI5 OrdC 50000 350158 99841 304
QI5 OrdC 100000 700158 199841 576
QI5 OrdC 150000 1050158 299841 861
QI5 OrdC 200000 1400158 399841 1160
QI5 OrdC 250000 1750158 499841 1473
QI5 OrdC 300000 2100158 599841 1830
QI5 OrdC 350000 2450158 699841 2125
QI5 OrdC 400000 2800158 799841 2449
QI5 OrdC 450000 3150158 899841 2764
QI5 OrdC 500000 3500158 999841 3149
QI5 OrdD 50000 400160 124842 319
QI5 OrdD 100000 800160 249842 636
QI5 OrdD 150000 1200160 374842 959
QI5 OrdD 200000 1600160 499842 1289
QI5 OrdD 250000 2000160 624842 1628
QI5 OrdD 300000 2400160 749842 2028
QI5 OrdD 350000 2800160 874842 2339
QI5 OrdD 400000 3200160 999842 2752
QI5 OrdD 450000 3600160 1124842 3081
QI5 OrdD 500000 4000160 1249842 3444
QI5 Ale 50000 43795728 21796769 26962
QI5 Ale 100000 171879894 85731914 103830
QI5 Ale 150000 381266209 190328550 226484
QI5 Ale 200000 675616518 337398257 408167
QI5 Ale 250000 1078408961 538706661 629098
QI5 Ale 300000 1536713930 767713733 913564
QI5 Ale 350000 2132074054 1065305274 1256725
QI5 Ale 400000 2704449338 1351377602 1565042
QI5 Ale 450000 3359757466 1678921741 1984566
QI5 Ale 500000 4310372262 2154181576 2537940
