QPE OrdC 50000 1250374992 49999 942215
QPE OrdC 100000 5000749992 99999 3853130
QPE OrdC 150000 11251124992 149999 8292691
QPE OrdC 200000 20001499992 199999 14496065
QPE OrdC 250000 31251874992 249999 24261172
QPE OrdC 300000 45002249992 299999 34747602
QPE OrdC 350000 61252624992 349999 45790602
QPE OrdC 400000 80002999992 399999 58787086
QPE OrdC 450000 101253374992 449999 75046246
QPE OrdC 500000 125003749992 499999 96398273
QPE OrdD 50000 1250449988 49999 903434
QPE OrdD 100000 5000899988 99999 3589806
QPE OrdD 150000 11251349988 149999 8099598
QPE OrdD 200000 20001799988 199999 14365192
QPE OrdD 250000 31252249988 249999 22621048
QPE OrdD 300000 45002699988 299999 32515363
QPE OrdD 350000 61253149988 349999 44433239
QPE OrdD 400000 80003599988 399999 56637160
QPE OrdD 450000 101254049988 449999 72547580
QPE OrdD 500000 125004499988 499999 90505752
QPE Ale 50000 1840206 197221 11996
QPE Ale 100000 3884527 417253 18371
QPE Ale 150000 6013654 646512 27978
QPE Ale 200000 8156981 881020 37604
QPE Ale 250000 10410473 1120376 47477
QPE Ale 300000 12634831 1363038 57525
QPE Ale 350000 14942448 1605752 67295
QPE Ale 400000 17101227 1856009 77466
QPE Ale 450000 19569538 2102871 88128
QPE Ale 500000 21830066 2353499 97359
