QM3 OrdC 50000 1044918 32767 3499
QM3 OrdC 100000 2189831 65535 6978
QM3 OrdC 150000 3216979 84464 9356
QM3 OrdC 200000 4579656 131071 14177
QM3 OrdC 250000 5429656 131071 14866
QM3 OrdC 300000 6733940 168928 19086
QM3 OrdC 350000 8183940 218928 24245
QM3 OrdC 400000 9559305 262143 28817
QM3 OrdC 450000 10459305 262143 29423
QM3 OrdC 500000 11359305 262143 30284
QM3 OrdD 50000 1094928 57766 3495
QM3 OrdD 100000 2289842 115534 7039
QM3 OrdD 150000 3367002 159464 9426
QM3 OrdD 200000 4779668 231070 14272
QM3 OrdD 250000 5679668 256070 14994
QM3 OrdD 300000 7033964 318928 19241
QM3 OrdD 350000 8533964 393928 24319
QM3 OrdD 400000 9959318 462142 29088
QM3 OrdD 450000 10909318 487142 29625
QM3 OrdD 500000 11859318 512142 30575
QM3 Ale 50000 1705138 200144 8576
QM3 Ale 100000 3578017 423851 17574
QM3 Ale 150000 5532218 656141 26837
QM3 Ale 200000 7498599 895350 36157
QM3 Ale 250000 9481167 1138819 45592
QM3 Ale 300000 11566174 1382793 55083
QM3 Ale 350000 13650640 1631208 64698
QM3 Ale 400000 15668058 1884814 74126
QM3 Ale 450000 17753890 2138662 84092
QM3 Ale 500000 19773539 2397505 93883
