QNR OrdC 50000 946618 32767 3416
QNR OrdC 100000 1993227 65535 6858
QNR OrdC 150000 2963588 84464 9109
QNR OrdC 200000 4186444 131071 13900
QNR OrdC 250000 5036444 131071 14605
QNR OrdC 300000 6227157 168928 18603
QNR OrdC 350000 7527157 218928 23698
QNR OrdC 400000 8772877 262143 28217
QNR OrdC 450000 9672877 262143 28928
QNR OrdC 500000 10572877 262143 29757
QNR OrdD 50000 996629 57766 3876
QNR OrdD 100000 2093239 115534 8787
QNR OrdD 150000 3113609 159464 9451
QNR OrdD 200000 4386457 231070 14090
QNR OrdD 250000 5286457 256070 14747
QNR OrdD 300000 6527179 318928 18805
QNR OrdD 350000 7877179 393928 23971
QNR OrdD 400000 9172891 462142 28569
QNR OrdD 450000 10122891 487142 29233
QNR OrdD 500000 11072891 512142 30034
QNR Ale 50000 1660320 194387 8327
QNR Ale 100000 3490193 412169 17136
QNR Ale 150000 5395482 639752 26158
QNR Ale 200000 7389297 870831 35214
QNR Ale 250000 9328347 1107483 44372
QNR Ale 300000 11439138 1345184 53657
QNR Ale 350000 13431477 1587926 63194
QNR Ale 400000 15418045 1834748 72372
QNR Ale 450000 17520798 2080975 81676
QNR Ale 500000 19804871 2324851 91182
